<?xml version="1.0" encoding="UTF-8"?>
<!-- Generated by org.testng.reporters.JUnitReportReporter -->
<testsuite hostname="LAPTOP-V3RUJ3A4" failures="0" tests="1" name="testRunner.TestRun" time="36.789" errors="0" timestamp="2025-03-04T23:01:11 EST" skipped="0">
  <testcase classname="testRunner.TestRun" name="runScenario" time="36.789"/>
  <system-out/>
</testsuite> <!-- testRunner.TestRun -->
