<?xml version="1.0" encoding="UTF-8"?>
<!-- Generated by org.testng.reporters.JUnitReportReporter -->
<testsuite hostname="LAPTOP-V3RUJ3A4" failures="0" tests="1" name="testRunner.TestRun" time="15.154" errors="0" timestamp="2025-03-04T20:43:54 EST" skipped="0">
  <testcase classname="testRunner.TestRun" name="runScenario" time="15.154"/>
  <system-out/>
</testsuite> <!-- testRunner.TestRun -->
